945: 
945: Hello ud
7796: 
7796: Hello udav
945: 
945: Hello ud
7796: 
7796: Hello udav
945: 
945: Hello ud
7796: 
7796: Hello udav
945: 
945: Hello ud
7796: 
7796: Hello udav
945: 
945: Hello ud
7796: 
7796: Hello udav
945: 
945: Hello ud
1118: 
1118: hello
7796: 
7796: Hello udav
945: 
945: Hello ud
4225: 
4225: helllllo
1118: 
1118: hello
7796: 
7796: Hello udav
945: 
945: Hello ud
4225: 
4225: helllllo
1118: 
1118: hello
7796: 
7796: Hello udav
945: 
945: Hello ud
2988: 
2988: darova
4225: 
4225: helllllo
1118: 
1118: hello
7796: 
7796: Hello udav
945: 
945: Hello ud
2988: 
2988: darova
4225: 
4225: helllllo
1118: 
1118: hello
7796: 
7796: Hello udav
945: 
945: Hello ud
